{"C:\\Users\\pvarik\\Desktop\\ABN AMRO\\vue-project\\dog-bread\\src\\components\\Search.vue": {"path":"C:\\Users\\pvarik\\Desktop\\ABN AMRO\\vue-project\\dog-bread\\src\\components\\Search.vue","statementMap":{"0":{"start":{"line":23,"column":0},"end":{"line":23,"column":null}},"1":{"start":{"line":30,"column":0},"end":{"line":30,"column":null}},"2":{"start":{"line":42,"column":0},"end":{"line":48,"column":null}},"3":{"start":{"line":43,"column":0},"end":{"line":43,"column":null}},"4":{"start":{"line":44,"column":0},"end":{"line":44,"column":null}},"5":{"start":{"line":45,"column":0},"end":{"line":45,"column":null}},"6":{"start":{"line":47,"column":0},"end":{"line":47,"column":null}},"7":{"start":{"line":51,"column":0},"end":{"line":56,"column":null}},"8":{"start":{"line":52,"column":0},"end":{"line":52,"column":null}}},"fnMap":{"0":{"name":"(anonymous_1)","decl":{"start":{"line":22,"column":0},"end":{"line":22,"column":null}},"loc":{"start":{"line":22,"column":0},"end":{"line":28,"column":null}}},"1":{"name":"(anonymous_2)","decl":{"start":{"line":29,"column":0},"end":{"line":29,"column":null}},"loc":{"start":{"line":29,"column":0},"end":{"line":31,"column":null}}},"2":{"name":"(anonymous_3)","decl":{"start":{"line":41,"column":0},"end":{"line":41,"column":null}},"loc":{"start":{"line":41,"column":0},"end":{"line":49,"column":null}}},"3":{"name":"(anonymous_4)","decl":{"start":{"line":50,"column":0},"end":{"line":50,"column":null}},"loc":{"start":{"line":50,"column":0},"end":{"line":57,"column":null}}}},"branchMap":{"0":{"loc":{"start":{"line":42,"column":0},"end":{"line":48,"column":null}},"type":"if","locations":[{"start":{"line":42,"column":0},"end":{"line":48,"column":null}},{"start":{"line":42,"column":0},"end":{"line":48,"column":null}}]},"1":{"loc":{"start":{"line":51,"column":0},"end":{"line":56,"column":null}},"type":"if","locations":[{"start":{"line":51,"column":0},"end":{"line":56,"column":null}},{"start":{"line":51,"column":0},"end":{"line":56,"column":null}}]}},"s":{"0":0,"1":0,"2":0,"3":0,"4":0,"5":0,"6":0,"7":0,"8":0},"f":{"0":0,"1":0,"2":0,"3":0},"b":{"0":[0,0],"1":[0,0]}}
,"C:\\Users\\pvarik\\Desktop\\ABN AMRO\\vue-project\\dog-bread\\src\\router\\index.js": {"path":"C:\\Users\\pvarik\\Desktop\\ABN AMRO\\vue-project\\dog-bread\\src\\router\\index.js","statementMap":{"0":{"start":{"line":4,"column":0},"end":{"line":4,"column":19}},"1":{"start":{"line":6,"column":15},"end":{"line":23,"column":1}},"2":{"start":{"line":11,"column":6},"end":{"line":11,"column":65}},"3":{"start":{"line":20,"column":6},"end":{"line":20,"column":66}},"4":{"start":{"line":25,"column":15},"end":{"line":29,"column":2}}},"fnMap":{"0":{"name":"(anonymous_0)","decl":{"start":{"line":10,"column":15},"end":{"line":10,"column":16}},"loc":{"start":{"line":11,"column":6},"end":{"line":11,"column":65}},"line":11},"1":{"name":"(anonymous_1)","decl":{"start":{"line":19,"column":15},"end":{"line":19,"column":16}},"loc":{"start":{"line":20,"column":6},"end":{"line":20,"column":66}},"line":20}},"branchMap":{},"s":{"0":0,"1":0,"2":0,"3":0,"4":0},"f":{"0":0,"1":0},"b":{},"hash":"5c0b23f85bdcf43e8a107f39df113d361c260c0f"}
,"C:\\Users\\pvarik\\Desktop\\ABN AMRO\\vue-project\\dog-bread\\src\\service\\dogApi.service.js": {"path":"C:\\Users\\pvarik\\Desktop\\ABN AMRO\\vue-project\\dog-bread\\src\\service\\dogApi.service.js","statementMap":{"0":{"start":{"line":3,"column":2},"end":{"line":3,"column":58}},"1":{"start":{"line":6,"column":2},"end":{"line":6,"column":73}},"2":{"start":{"line":9,"column":2},"end":{"line":15,"column":3}},"3":{"start":{"line":10,"column":4},"end":{"line":10,"column":68}},"4":{"start":{"line":12,"column":4},"end":{"line":14,"column":6}},"5":{"start":{"line":18,"column":2},"end":{"line":18,"column":65}},"6":{"start":{"line":22,"column":2},"end":{"line":22,"column":58}},"7":{"start":{"line":25,"column":2},"end":{"line":25,"column":76}},"8":{"start":{"line":29,"column":2},"end":{"line":29,"column":63}}},"fnMap":{"0":{"name":"getAllDogsList","decl":{"start":{"line":2,"column":16},"end":{"line":2,"column":30}},"loc":{"start":{"line":2,"column":33},"end":{"line":4,"column":1}},"line":2},"1":{"name":"getDogRandomImage","decl":{"start":{"line":5,"column":16},"end":{"line":5,"column":33}},"loc":{"start":{"line":5,"column":43},"end":{"line":7,"column":1}},"line":5},"2":{"name":"getAllDogImage","decl":{"start":{"line":8,"column":16},"end":{"line":8,"column":30}},"loc":{"start":{"line":8,"column":54},"end":{"line":16,"column":1}},"line":8},"3":{"name":"getHomeDogRandomImage","decl":{"start":{"line":17,"column":16},"end":{"line":17,"column":37}},"loc":{"start":{"line":17,"column":40},"end":{"line":19,"column":1}},"line":17},"4":{"name":"getAllBread","decl":{"start":{"line":21,"column":16},"end":{"line":21,"column":27}},"loc":{"start":{"line":21,"column":30},"end":{"line":23,"column":1}},"line":21},"5":{"name":"getRandomImg","decl":{"start":{"line":24,"column":16},"end":{"line":24,"column":28}},"loc":{"start":{"line":24,"column":41},"end":{"line":26,"column":1}},"line":24},"6":{"name":"getBreadImg","decl":{"start":{"line":28,"column":16},"end":{"line":28,"column":27}},"loc":{"start":{"line":28,"column":34},"end":{"line":30,"column":1}},"line":28}},"branchMap":{"0":{"loc":{"start":{"line":9,"column":2},"end":{"line":15,"column":3}},"type":"if","locations":[{"start":{"line":9,"column":2},"end":{"line":15,"column":3}},{"start":{"line":9,"column":2},"end":{"line":15,"column":3}}],"line":9}},"s":{"0":0,"1":0,"2":0,"3":0,"4":0,"5":0,"6":0,"7":0,"8":0},"f":{"0":0,"1":0,"2":0,"3":0,"4":0,"5":0,"6":0},"b":{"0":[0,0]},"hash":"18f356ea184deef26c35f2565f2fe42075e8c97b"}
,"C:\\Users\\pvarik\\Desktop\\ABN AMRO\\vue-project\\dog-bread\\src\\store\\index.js": {"path":"C:\\Users\\pvarik\\Desktop\\ABN AMRO\\vue-project\\dog-bread\\src\\store\\index.js","statementMap":{"0":{"start":{"line":5,"column":0},"end":{"line":5,"column":14}},"1":{"start":{"line":13,"column":6},"end":{"line":13,"column":42}},"2":{"start":{"line":19,"column":31},"end":{"line":19,"column":50}},"3":{"start":{"line":20,"column":25},"end":{"line":20,"column":59}},"4":{"start":{"line":21,"column":6},"end":{"line":21,"column":51}}},"fnMap":{"0":{"name":"(anonymous_0)","decl":{"start":{"line":12,"column":4},"end":{"line":12,"column":5}},"loc":{"start":{"line":12,"column":40},"end":{"line":14,"column":5}},"line":12},"1":{"name":"(anonymous_1)","decl":{"start":{"line":18,"column":4},"end":{"line":18,"column":5}},"loc":{"start":{"line":18,"column":33},"end":{"line":22,"column":5}},"line":18}},"branchMap":{},"s":{"0":0,"1":0,"2":0,"3":0,"4":0},"f":{"0":0,"1":0},"b":{},"hash":"ed2d33274ce8e27beef19036126fb9f4b5acb12f"}
,"C:\\Users\\pvarik\\Desktop\\ABN AMRO\\vue-project\\dog-bread\\src\\views\\About.vue": {"path":"C:\\Users\\pvarik\\Desktop\\ABN AMRO\\vue-project\\dog-bread\\src\\views\\About.vue","statementMap":{"0":{"start":{"line":20,"column":0},"end":{"line":20,"column":null}},"1":{"start":{"line":24,"column":0},"end":{"line":24,"column":null}},"2":{"start":{"line":31,"column":0},"end":{"line":33,"column":null}},"3":{"start":{"line":32,"column":0},"end":{"line":32,"column":null}},"4":{"start":{"line":37,"column":0},"end":{"line":37,"column":null}}},"fnMap":{"0":{"name":"(anonymous_1)","decl":{"start":{"line":23,"column":0},"end":{"line":23,"column":null}},"loc":{"start":{"line":23,"column":0},"end":{"line":29,"column":null}}},"1":{"name":"(anonymous_2)","decl":{"start":{"line":30,"column":0},"end":{"line":30,"column":null}},"loc":{"start":{"line":30,"column":0},"end":{"line":34,"column":null}}},"2":{"name":"(anonymous_3)","decl":{"start":{"line":31,"column":0},"end":{"line":31,"column":null}},"loc":{"start":{"line":31,"column":0},"end":{"line":33,"column":null}}},"3":{"name":"(anonymous_4)","decl":{"start":{"line":36,"column":0},"end":{"line":36,"column":null}},"loc":{"start":{"line":36,"column":0},"end":{"line":38,"column":null}}}},"branchMap":{},"s":{"0":0,"1":0,"2":0,"3":0,"4":0},"f":{"0":0,"1":0,"2":0,"3":0},"b":{}}
,"C:\\Users\\pvarik\\Desktop\\ABN AMRO\\vue-project\\dog-bread\\src\\views\\Home.vue": {"path":"C:\\Users\\pvarik\\Desktop\\ABN AMRO\\vue-project\\dog-bread\\src\\views\\Home.vue","statementMap":{"0":{"start":{"line":37,"column":0},"end":{"line":37,"column":null}},"1":{"start":{"line":41,"column":0},"end":{"line":41,"column":null}},"2":{"start":{"line":48,"column":0},"end":{"line":48,"column":null}},"3":{"start":{"line":57,"column":0},"end":{"line":57,"column":null}},"4":{"start":{"line":58,"column":0},"end":{"line":61,"column":null}},"5":{"start":{"line":59,"column":0},"end":{"line":59,"column":null}},"6":{"start":{"line":60,"column":0},"end":{"line":60,"column":null}},"7":{"start":{"line":66,"column":0},"end":{"line":66,"column":null}},"8":{"start":{"line":67,"column":0},"end":{"line":67,"column":null}},"9":{"start":{"line":68,"column":0},"end":{"line":68,"column":null}},"10":{"start":{"line":74,"column":0},"end":{"line":80,"column":null}},"11":{"start":{"line":74,"column":0},"end":{"line":74,"column":null}},"12":{"start":{"line":75,"column":0},"end":{"line":77,"column":null}},"13":{"start":{"line":76,"column":0},"end":{"line":76,"column":null}},"14":{"start":{"line":78,"column":0},"end":{"line":78,"column":null}},"15":{"start":{"line":79,"column":0},"end":{"line":79,"column":null}},"16":{"start":{"line":85,"column":0},"end":{"line":85,"column":null}}},"fnMap":{"0":{"name":"(anonymous_1)","decl":{"start":{"line":47,"column":0},"end":{"line":47,"column":null}},"loc":{"start":{"line":47,"column":0},"end":{"line":55,"column":null}}},"1":{"name":"(anonymous_2)","decl":{"start":{"line":56,"column":0},"end":{"line":56,"column":null}},"loc":{"start":{"line":56,"column":0},"end":{"line":62,"column":null}}},"2":{"name":"(anonymous_3)","decl":{"start":{"line":58,"column":0},"end":{"line":58,"column":null}},"loc":{"start":{"line":58,"column":0},"end":{"line":61,"column":null}}},"3":{"name":"(anonymous_4)","decl":{"start":{"line":64,"column":0},"end":{"line":64,"column":null}},"loc":{"start":{"line":64,"column":0},"end":{"line":72,"column":null}}},"4":{"name":"(anonymous_5)","decl":{"start":{"line":73,"column":0},"end":{"line":73,"column":null}},"loc":{"start":{"line":73,"column":0},"end":{"line":81,"column":null}}},"5":{"name":"(anonymous_6)","decl":{"start":{"line":75,"column":0},"end":{"line":75,"column":null}},"loc":{"start":{"line":75,"column":0},"end":{"line":77,"column":null}}},"6":{"name":"(anonymous_7)","decl":{"start":{"line":84,"column":0},"end":{"line":84,"column":null}},"loc":{"start":{"line":84,"column":0},"end":{"line":89,"column":null}}}},"branchMap":{},"s":{"0":0,"1":0,"2":0,"3":0,"4":0,"5":0,"6":0,"7":0,"8":0,"9":0,"10":0,"11":0,"12":0,"13":0,"14":0,"15":0,"16":0},"f":{"0":0,"1":0,"2":0,"3":0,"4":0,"5":0,"6":0},"b":{}}
}
