{"C:\\Users\\pvarik\\Desktop\\ABN AMRO\\vue-project\\dog-bread\\src\\App.vue": {"path":"C:\\Users\\pvarik\\Desktop\\ABN AMRO\\vue-project\\dog-bread\\src\\App.vue","statementMap":{"0":{"start":{"line":8,"column":0},"end":{"line":8,"column":null}}},"fnMap":{},"branchMap":{},"s":{"0":1},"f":{},"b":{}}
,"C:\\Users\\pvarik\\Desktop\\ABN AMRO\\vue-project\\dog-bread\\src\\components\\Footer.vue": {"path":"C:\\Users\\pvarik\\Desktop\\ABN AMRO\\vue-project\\dog-bread\\src\\components\\Footer.vue","statementMap":{"0":{"start":{"line":9,"column":0},"end":{"line":9,"column":null}},"1":{"start":{"line":14,"column":0},"end":{"line":14,"column":null}}},"fnMap":{"0":{"name":"(anonymous_1)","decl":{"start":{"line":13,"column":0},"end":{"line":13,"column":null}},"loc":{"start":{"line":13,"column":0},"end":{"line":15,"column":null}}}},"branchMap":{},"s":{"0":2,"1":3},"f":{"0":3},"b":{}}
,"C:\\Users\\pvarik\\Desktop\\ABN AMRO\\vue-project\\dog-bread\\src\\components\\Search.vue": {"path":"C:\\Users\\pvarik\\Desktop\\ABN AMRO\\vue-project\\dog-bread\\src\\components\\Search.vue","statementMap":{"0":{"start":{"line":22,"column":0},"end":{"line":22,"column":null}},"1":{"start":{"line":29,"column":0},"end":{"line":29,"column":null}},"2":{"start":{"line":30,"column":0},"end":{"line":30,"column":null}},"3":{"start":{"line":34,"column":0},"end":{"line":38,"column":null}},"4":{"start":{"line":35,"column":0},"end":{"line":35,"column":null}},"5":{"start":{"line":37,"column":0},"end":{"line":37,"column":null}},"6":{"start":{"line":41,"column":0},"end":{"line":46,"column":null}},"7":{"start":{"line":42,"column":0},"end":{"line":42,"column":null}}},"fnMap":{"0":{"name":"(anonymous_1)","decl":{"start":{"line":21,"column":0},"end":{"line":21,"column":null}},"loc":{"start":{"line":21,"column":0},"end":{"line":27,"column":null}}},"1":{"name":"(anonymous_2)","decl":{"start":{"line":28,"column":0},"end":{"line":28,"column":null}},"loc":{"start":{"line":28,"column":0},"end":{"line":31,"column":null}}},"2":{"name":"(anonymous_3)","decl":{"start":{"line":33,"column":0},"end":{"line":33,"column":null}},"loc":{"start":{"line":33,"column":0},"end":{"line":39,"column":null}}},"3":{"name":"(anonymous_4)","decl":{"start":{"line":40,"column":0},"end":{"line":40,"column":null}},"loc":{"start":{"line":40,"column":0},"end":{"line":47,"column":null}}}},"branchMap":{"0":{"loc":{"start":{"line":34,"column":0},"end":{"line":38,"column":null}},"type":"if","locations":[{"start":{"line":34,"column":0},"end":{"line":38,"column":null}},{"start":{"line":34,"column":0},"end":{"line":38,"column":null}}]},"1":{"loc":{"start":{"line":41,"column":0},"end":{"line":46,"column":null}},"type":"if","locations":[{"start":{"line":41,"column":0},"end":{"line":46,"column":null}},{"start":{"line":41,"column":0},"end":{"line":46,"column":null}}]}},"s":{"0":4,"1":4,"2":4,"3":0,"4":0,"5":0,"6":0,"7":0},"f":{"0":4,"1":4,"2":0,"3":0},"b":{"0":[0,0],"1":[0,0]}}
,"C:\\Users\\pvarik\\Desktop\\ABN AMRO\\vue-project\\dog-bread\\src\\filters\\dateFilter.js": {"path":"C:\\Users\\pvarik\\Desktop\\ABN AMRO\\vue-project\\dog-bread\\src\\filters\\dateFilter.js","statementMap":{"0":{"start":{"line":2,"column":22},"end":{"line":2,"column":52}},"1":{"start":{"line":2,"column":28},"end":{"line":2,"column":52}}},"fnMap":{"0":{"name":"(anonymous_0)","decl":{"start":{"line":2,"column":22},"end":{"line":2,"column":23}},"loc":{"start":{"line":2,"column":28},"end":{"line":2,"column":52}},"line":2}},"branchMap":{},"s":{"0":3,"1":4},"f":{"0":4},"b":{},"_coverageSchema":"43e27e138ebf9cfc5966b082cf9a028302ed4184","hash":"b6e063f46f017fc769525c28783335681f520407"}
,"C:\\Users\\pvarik\\Desktop\\ABN AMRO\\vue-project\\dog-bread\\src\\router\\index.js": {"path":"C:\\Users\\pvarik\\Desktop\\ABN AMRO\\vue-project\\dog-bread\\src\\router\\index.js","statementMap":{"0":{"start":{"line":6,"column":0},"end":{"line":6,"column":19}},"1":{"start":{"line":8,"column":15},"end":{"line":30,"column":1}},"2":{"start":{"line":13,"column":6},"end":{"line":13,"column":65}},"3":{"start":{"line":23,"column":6},"end":{"line":23,"column":66}},"4":{"start":{"line":32,"column":15},"end":{"line":36,"column":2}}},"fnMap":{"0":{"name":"(anonymous_0)","decl":{"start":{"line":12,"column":15},"end":{"line":12,"column":16}},"loc":{"start":{"line":13,"column":6},"end":{"line":13,"column":65}},"line":13},"1":{"name":"(anonymous_1)","decl":{"start":{"line":22,"column":15},"end":{"line":22,"column":16}},"loc":{"start":{"line":23,"column":6},"end":{"line":23,"column":66}},"line":23}},"branchMap":{},"s":{"0":5,"1":5,"2":1,"3":0,"4":5},"f":{"0":1,"1":0},"b":{},"_coverageSchema":"43e27e138ebf9cfc5966b082cf9a028302ed4184","hash":"190f14df2b21ded8c352b646888d8f07dfe48a27"}
,"C:\\Users\\pvarik\\Desktop\\ABN AMRO\\vue-project\\dog-bread\\src\\service\\dogApi.service.js": {"path":"C:\\Users\\pvarik\\Desktop\\ABN AMRO\\vue-project\\dog-bread\\src\\service\\dogApi.service.js","statementMap":{"0":{"start":{"line":3,"column":2},"end":{"line":3,"column":58}},"1":{"start":{"line":6,"column":2},"end":{"line":6,"column":73}},"2":{"start":{"line":9,"column":2},"end":{"line":15,"column":3}},"3":{"start":{"line":10,"column":4},"end":{"line":10,"column":68}},"4":{"start":{"line":12,"column":4},"end":{"line":14,"column":6}}},"fnMap":{"0":{"name":"getAllDogsList","decl":{"start":{"line":2,"column":16},"end":{"line":2,"column":30}},"loc":{"start":{"line":2,"column":33},"end":{"line":4,"column":1}},"line":2},"1":{"name":"getDogRandomImage","decl":{"start":{"line":5,"column":16},"end":{"line":5,"column":33}},"loc":{"start":{"line":5,"column":43},"end":{"line":7,"column":1}},"line":5},"2":{"name":"getAllDogImage","decl":{"start":{"line":8,"column":16},"end":{"line":8,"column":30}},"loc":{"start":{"line":8,"column":54},"end":{"line":16,"column":1}},"line":8}},"branchMap":{"0":{"loc":{"start":{"line":9,"column":2},"end":{"line":15,"column":3}},"type":"if","locations":[{"start":{"line":9,"column":2},"end":{"line":15,"column":3}},{"start":{"line":9,"column":2},"end":{"line":15,"column":3}}],"line":9}},"s":{"0":3,"1":0,"2":3,"3":3,"4":0},"f":{"0":3,"1":0,"2":3},"b":{"0":[3,0]},"_coverageSchema":"43e27e138ebf9cfc5966b082cf9a028302ed4184","hash":"6f4e4ab8478944c10337c61b265381229df2b394"}
,"C:\\Users\\pvarik\\Desktop\\ABN AMRO\\vue-project\\dog-bread\\src\\store\\index.js": {"path":"C:\\Users\\pvarik\\Desktop\\ABN AMRO\\vue-project\\dog-bread\\src\\store\\index.js","statementMap":{"0":{"start":{"line":5,"column":0},"end":{"line":5,"column":14}},"1":{"start":{"line":14,"column":6},"end":{"line":14,"column":42}},"2":{"start":{"line":17,"column":6},"end":{"line":17,"column":40}},"3":{"start":{"line":23,"column":31},"end":{"line":23,"column":50}},"4":{"start":{"line":24,"column":25},"end":{"line":24,"column":59}},"5":{"start":{"line":25,"column":6},"end":{"line":25,"column":51}},"6":{"start":{"line":28,"column":20},"end":{"line":28,"column":42}},"7":{"start":{"line":29,"column":6},"end":{"line":29,"column":70}}},"fnMap":{"0":{"name":"(anonymous_0)","decl":{"start":{"line":13,"column":4},"end":{"line":13,"column":5}},"loc":{"start":{"line":13,"column":40},"end":{"line":15,"column":5}},"line":13},"1":{"name":"(anonymous_1)","decl":{"start":{"line":16,"column":4},"end":{"line":16,"column":5}},"loc":{"start":{"line":16,"column":38},"end":{"line":18,"column":5}},"line":16},"2":{"name":"(anonymous_2)","decl":{"start":{"line":22,"column":4},"end":{"line":22,"column":5}},"loc":{"start":{"line":22,"column":35},"end":{"line":26,"column":5}},"line":22},"3":{"name":"(anonymous_3)","decl":{"start":{"line":27,"column":4},"end":{"line":27,"column":5}},"loc":{"start":{"line":27,"column":33},"end":{"line":30,"column":5}},"line":27}},"branchMap":{},"s":{"0":0,"1":0,"2":0,"3":0,"4":0,"5":0,"6":0,"7":0},"f":{"0":0,"1":0,"2":0,"3":0},"b":{},"hash":"80f6be9f789eccada236179217a911fccc068d00"}
,"C:\\Users\\pvarik\\Desktop\\ABN AMRO\\vue-project\\dog-bread\\src\\views\\About.vue": {"path":"C:\\Users\\pvarik\\Desktop\\ABN AMRO\\vue-project\\dog-bread\\src\\views\\About.vue","statementMap":{"0":{"start":{"line":20,"column":0},"end":{"line":20,"column":null}},"1":{"start":{"line":24,"column":0},"end":{"line":24,"column":null}},"2":{"start":{"line":31,"column":0},"end":{"line":33,"column":null}},"3":{"start":{"line":32,"column":0},"end":{"line":32,"column":null}},"4":{"start":{"line":37,"column":0},"end":{"line":37,"column":null}}},"fnMap":{"0":{"name":"(anonymous_1)","decl":{"start":{"line":23,"column":0},"end":{"line":23,"column":null}},"loc":{"start":{"line":23,"column":0},"end":{"line":29,"column":null}}},"1":{"name":"(anonymous_2)","decl":{"start":{"line":30,"column":0},"end":{"line":30,"column":null}},"loc":{"start":{"line":30,"column":0},"end":{"line":34,"column":null}}},"2":{"name":"(anonymous_3)","decl":{"start":{"line":31,"column":0},"end":{"line":31,"column":null}},"loc":{"start":{"line":31,"column":0},"end":{"line":33,"column":null}}},"3":{"name":"(anonymous_4)","decl":{"start":{"line":36,"column":0},"end":{"line":36,"column":null}},"loc":{"start":{"line":36,"column":0},"end":{"line":38,"column":null}}}},"branchMap":{},"s":{"0":1,"1":3,"2":3,"3":0,"4":1},"f":{"0":3,"1":3,"2":0,"3":1},"b":{}}
,"C:\\Users\\pvarik\\Desktop\\ABN AMRO\\vue-project\\dog-bread\\src\\views\\Home.vue": {"path":"C:\\Users\\pvarik\\Desktop\\ABN AMRO\\vue-project\\dog-bread\\src\\views\\Home.vue","statementMap":{"0":{"start":{"line":34,"column":0},"end":{"line":34,"column":null}},"1":{"start":{"line":38,"column":0},"end":{"line":38,"column":null}},"2":{"start":{"line":45,"column":0},"end":{"line":45,"column":null}},"3":{"start":{"line":54,"column":0},"end":{"line":57,"column":null}},"4":{"start":{"line":55,"column":0},"end":{"line":55,"column":null}},"5":{"start":{"line":56,"column":0},"end":{"line":56,"column":null}},"6":{"start":{"line":61,"column":0},"end":{"line":61,"column":null}},"7":{"start":{"line":62,"column":0},"end":{"line":62,"column":null}},"8":{"start":{"line":68,"column":0},"end":{"line":74,"column":null}},"9":{"start":{"line":68,"column":0},"end":{"line":68,"column":null}},"10":{"start":{"line":69,"column":0},"end":{"line":71,"column":null}},"11":{"start":{"line":70,"column":0},"end":{"line":70,"column":null}},"12":{"start":{"line":72,"column":0},"end":{"line":72,"column":null}},"13":{"start":{"line":73,"column":0},"end":{"line":73,"column":null}},"14":{"start":{"line":79,"column":0},"end":{"line":79,"column":null}}},"fnMap":{"0":{"name":"(anonymous_1)","decl":{"start":{"line":44,"column":0},"end":{"line":44,"column":null}},"loc":{"start":{"line":44,"column":0},"end":{"line":52,"column":null}}},"1":{"name":"(anonymous_2)","decl":{"start":{"line":53,"column":0},"end":{"line":53,"column":null}},"loc":{"start":{"line":53,"column":0},"end":{"line":58,"column":null}}},"2":{"name":"(anonymous_3)","decl":{"start":{"line":54,"column":0},"end":{"line":54,"column":null}},"loc":{"start":{"line":54,"column":0},"end":{"line":57,"column":null}}},"3":{"name":"(anonymous_4)","decl":{"start":{"line":60,"column":0},"end":{"line":60,"column":null}},"loc":{"start":{"line":60,"column":0},"end":{"line":66,"column":null}}},"4":{"name":"(anonymous_5)","decl":{"start":{"line":67,"column":0},"end":{"line":67,"column":null}},"loc":{"start":{"line":67,"column":0},"end":{"line":75,"column":null}}},"5":{"name":"(anonymous_6)","decl":{"start":{"line":69,"column":0},"end":{"line":69,"column":null}},"loc":{"start":{"line":69,"column":0},"end":{"line":71,"column":null}}},"6":{"name":"(anonymous_7)","decl":{"start":{"line":78,"column":0},"end":{"line":78,"column":null}},"loc":{"start":{"line":78,"column":0},"end":{"line":83,"column":null}}}},"branchMap":{},"s":{"0":2,"1":2,"2":3,"3":3,"4":0,"5":0,"6":0,"7":0,"8":0,"9":0,"10":0,"11":0,"12":0,"13":0,"14":0},"f":{"0":3,"1":3,"2":0,"3":0,"4":0,"5":0,"6":0},"b":{}}
,"C:\\Users\\pvarik\\Desktop\\ABN AMRO\\vue-project\\dog-bread\\src\\views\\PageNotFound.vue": {"path":"C:\\Users\\pvarik\\Desktop\\ABN AMRO\\vue-project\\dog-bread\\src\\views\\PageNotFound.vue","statementMap":{"0":{"start":{"line":20,"column":0},"end":{"line":20,"column":null}}},"fnMap":{"0":{"name":"(anonymous_1)","decl":{"start":{"line":19,"column":0},"end":{"line":19,"column":null}},"loc":{"start":{"line":19,"column":0},"end":{"line":21,"column":null}}}},"branchMap":{},"s":{"0":1},"f":{"0":1},"b":{}}
}
