TN:
SF:C:\Users\pvarik\Desktop\ABN AMRO\vue-project\dog-bread\src\App.vue
FNF:0
FNH:0
DA:8,1
LF:1
LH:1
BRF:0
BRH:0
end_of_record
TN:
SF:C:\Users\pvarik\Desktop\ABN AMRO\vue-project\dog-bread\src\components\Footer.vue
FN:13,(anonymous_1)
FNF:1
FNH:1
FNDA:3,(anonymous_1)
DA:9,2
DA:14,3
LF:2
LH:2
BRF:0
BRH:0
end_of_record
TN:
SF:C:\Users\pvarik\Desktop\ABN AMRO\vue-project\dog-bread\src\components\Search.vue
FN:21,(anonymous_1)
FN:28,(anonymous_2)
FN:33,(anonymous_3)
FN:40,(anonymous_4)
FNF:4
FNH:2
FNDA:4,(anonymous_1)
FNDA:4,(anonymous_2)
FNDA:0,(anonymous_3)
FNDA:0,(anonymous_4)
DA:22,4
DA:29,4
DA:30,4
DA:34,0
DA:35,0
DA:37,0
DA:41,0
DA:42,0
LF:8
LH:3
BRDA:34,0,0,0
BRDA:34,0,1,0
BRDA:41,1,0,0
BRDA:41,1,1,0
BRF:4
BRH:0
end_of_record
TN:
SF:C:\Users\pvarik\Desktop\ABN AMRO\vue-project\dog-bread\src\filters\dateFilter.js
FN:2,(anonymous_0)
FNF:1
FNH:1
FNDA:4,(anonymous_0)
DA:2,4
LF:1
LH:1
BRF:0
BRH:0
end_of_record
TN:
SF:C:\Users\pvarik\Desktop\ABN AMRO\vue-project\dog-bread\src\router\index.js
FN:12,(anonymous_0)
FN:22,(anonymous_1)
FNF:2
FNH:1
FNDA:1,(anonymous_0)
FNDA:0,(anonymous_1)
DA:6,5
DA:8,5
DA:13,1
DA:23,0
DA:32,5
LF:5
LH:4
BRF:0
BRH:0
end_of_record
TN:
SF:C:\Users\pvarik\Desktop\ABN AMRO\vue-project\dog-bread\src\service\dogApi.service.js
FN:2,getAllDogsList
FN:5,getDogRandomImage
FN:8,getAllDogImage
FNF:3
FNH:2
FNDA:3,getAllDogsList
FNDA:0,getDogRandomImage
FNDA:3,getAllDogImage
DA:3,3
DA:6,0
DA:9,3
DA:10,3
DA:12,0
LF:5
LH:3
BRDA:9,0,0,3
BRDA:9,0,1,0
BRF:2
BRH:1
end_of_record
TN:
SF:C:\Users\pvarik\Desktop\ABN AMRO\vue-project\dog-bread\src\store\index.js
FN:13,(anonymous_0)
FN:16,(anonymous_1)
FN:22,(anonymous_2)
FN:27,(anonymous_3)
FNF:4
FNH:0
FNDA:0,(anonymous_0)
FNDA:0,(anonymous_1)
FNDA:0,(anonymous_2)
FNDA:0,(anonymous_3)
DA:5,0
DA:14,0
DA:17,0
DA:23,0
DA:24,0
DA:25,0
DA:28,0
DA:29,0
LF:8
LH:0
BRF:0
BRH:0
end_of_record
TN:
SF:C:\Users\pvarik\Desktop\ABN AMRO\vue-project\dog-bread\src\views\About.vue
FN:23,(anonymous_1)
FN:30,(anonymous_2)
FN:31,(anonymous_3)
FN:36,(anonymous_4)
FNF:4
FNH:3
FNDA:3,(anonymous_1)
FNDA:3,(anonymous_2)
FNDA:0,(anonymous_3)
FNDA:1,(anonymous_4)
DA:20,1
DA:24,3
DA:31,3
DA:32,0
DA:37,1
LF:5
LH:4
BRF:0
BRH:0
end_of_record
TN:
SF:C:\Users\pvarik\Desktop\ABN AMRO\vue-project\dog-bread\src\views\Home.vue
FN:44,(anonymous_1)
FN:53,(anonymous_2)
FN:54,(anonymous_3)
FN:60,(anonymous_4)
FN:67,(anonymous_5)
FN:69,(anonymous_6)
FN:78,(anonymous_7)
FNF:7
FNH:2
FNDA:3,(anonymous_1)
FNDA:3,(anonymous_2)
FNDA:0,(anonymous_3)
FNDA:0,(anonymous_4)
FNDA:0,(anonymous_5)
FNDA:0,(anonymous_6)
FNDA:0,(anonymous_7)
DA:34,2
DA:38,2
DA:45,3
DA:54,3
DA:55,0
DA:56,0
DA:61,0
DA:62,0
DA:68,0
DA:69,0
DA:70,0
DA:72,0
DA:73,0
DA:79,0
LF:14
LH:4
BRF:0
BRH:0
end_of_record
TN:
SF:C:\Users\pvarik\Desktop\ABN AMRO\vue-project\dog-bread\src\views\PageNotFound.vue
FN:19,(anonymous_1)
FNF:1
FNH:1
FNDA:1,(anonymous_1)
DA:20,1
LF:1
LH:1
BRF:0
BRH:0
end_of_record
