TN:
SF:C:\Users\pvarik\Desktop\ABN AMRO\vue-project\dog-bread\src\components\Search.vue
FN:22,(anonymous_1)
FN:29,(anonymous_2)
FN:41,(anonymous_3)
FN:50,(anonymous_4)
FNF:4
FNH:0
FNDA:0,(anonymous_1)
FNDA:0,(anonymous_2)
FNDA:0,(anonymous_3)
FNDA:0,(anonymous_4)
DA:23,0
DA:30,0
DA:42,0
DA:43,0
DA:44,0
DA:45,0
DA:47,0
DA:51,0
DA:52,0
LF:9
LH:0
BRDA:42,0,0,0
BRDA:42,0,1,0
BRDA:51,1,0,0
BRDA:51,1,1,0
BRF:4
BRH:0
end_of_record
TN:
SF:C:\Users\pvarik\Desktop\ABN AMRO\vue-project\dog-bread\src\router\index.js
FN:10,(anonymous_0)
FN:19,(anonymous_1)
FNF:2
FNH:0
FNDA:0,(anonymous_0)
FNDA:0,(anonymous_1)
DA:4,0
DA:6,0
DA:11,0
DA:20,0
DA:25,0
LF:5
LH:0
BRF:0
BRH:0
end_of_record
TN:
SF:C:\Users\pvarik\Desktop\ABN AMRO\vue-project\dog-bread\src\service\dogApi.service.js
FN:2,getAllDogsList
FN:5,getDogRandomImage
FN:8,getAllDogImage
FN:17,getHomeDogRandomImage
FN:21,getAllBread
FN:24,getRandomImg
FN:28,getBreadImg
FNF:7
FNH:0
FNDA:0,getAllDogsList
FNDA:0,getDogRandomImage
FNDA:0,getAllDogImage
FNDA:0,getHomeDogRandomImage
FNDA:0,getAllBread
FNDA:0,getRandomImg
FNDA:0,getBreadImg
DA:3,0
DA:6,0
DA:9,0
DA:10,0
DA:12,0
DA:18,0
DA:22,0
DA:25,0
DA:29,0
LF:9
LH:0
BRDA:9,0,0,0
BRDA:9,0,1,0
BRF:2
BRH:0
end_of_record
TN:
SF:C:\Users\pvarik\Desktop\ABN AMRO\vue-project\dog-bread\src\store\index.js
FN:12,(anonymous_0)
FN:18,(anonymous_1)
FNF:2
FNH:0
FNDA:0,(anonymous_0)
FNDA:0,(anonymous_1)
DA:5,0
DA:13,0
DA:19,0
DA:20,0
DA:21,0
LF:5
LH:0
BRF:0
BRH:0
end_of_record
TN:
SF:C:\Users\pvarik\Desktop\ABN AMRO\vue-project\dog-bread\src\views\About.vue
FN:23,(anonymous_1)
FN:30,(anonymous_2)
FN:31,(anonymous_3)
FN:36,(anonymous_4)
FNF:4
FNH:0
FNDA:0,(anonymous_1)
FNDA:0,(anonymous_2)
FNDA:0,(anonymous_3)
FNDA:0,(anonymous_4)
DA:20,0
DA:24,0
DA:31,0
DA:32,0
DA:37,0
LF:5
LH:0
BRF:0
BRH:0
end_of_record
TN:
SF:C:\Users\pvarik\Desktop\ABN AMRO\vue-project\dog-bread\src\views\Home.vue
FN:47,(anonymous_1)
FN:56,(anonymous_2)
FN:58,(anonymous_3)
FN:64,(anonymous_4)
FN:73,(anonymous_5)
FN:75,(anonymous_6)
FN:84,(anonymous_7)
FNF:7
FNH:0
FNDA:0,(anonymous_1)
FNDA:0,(anonymous_2)
FNDA:0,(anonymous_3)
FNDA:0,(anonymous_4)
FNDA:0,(anonymous_5)
FNDA:0,(anonymous_6)
FNDA:0,(anonymous_7)
DA:37,0
DA:41,0
DA:48,0
DA:57,0
DA:58,0
DA:59,0
DA:60,0
DA:66,0
DA:67,0
DA:68,0
DA:74,0
DA:75,0
DA:76,0
DA:78,0
DA:79,0
DA:85,0
LF:16
LH:0
BRF:0
BRH:0
end_of_record
